0 info it worked if it ends with ok
1 verbose cli [ 'C:\\Program Files\\nodejs\\node.exe',
1 verbose cli   'C:\\Program Files\\nodejs\\node_modules\\npm\\bin\\npm-cli.js',
1 verbose cli   'run',
1 verbose cli   'start:dev' ]
2 info using npm@3.10.10
3 info using node@v6.9.5
4 verbose run-script [ 'prestart:dev', 'start:dev', 'poststart:dev' ]
5 info lifecycle wmd02_chat@1.0.0~prestart:dev: wmd02_chat@1.0.0
6 silly lifecycle wmd02_chat@1.0.0~prestart:dev: no script for prestart:dev, continuing
7 info lifecycle wmd02_chat@1.0.0~start:dev: wmd02_chat@1.0.0
8 verbose lifecycle wmd02_chat@1.0.0~start:dev: unsafe-perm in lifecycle true
9 verbose lifecycle wmd02_chat@1.0.0~start:dev: PATH: C:\Program Files\nodejs\node_modules\npm\bin\node-gyp-bin;C:\wamp\www\wmd02-chat\WMD02-CHAT\node_modules\.bin;C:\Users\Laura\Downloads\cmder_mini\bin;C:\Users\Laura\Downloads\cmder_mini\vendor\conemu-maximus5\ConEmu\Scripts;C:\Users\Laura\Downloads\cmder_mini\vendor\conemu-maximus5;C:\Users\Laura\Downloads\cmder_mini\vendor\conemu-maximus5\ConEmu;C:\ProgramData\Oracle\Java\javapath;C:\Program Files (x86)\Intel\iCLS Client\;C:\Program Files\Intel\iCLS Client\;C:\WINDOWS\system32;C:\WINDOWS;C:\WINDOWS\System32\Wbem;C:\WINDOWS\System32\WindowsPowerShell\v1.0\;C:\Program Files (x86)\Hewlett-Packard\HP Performance Advisor;C:\Program Files\Intel\Intel(R) Management Engine Components\DAL;C:\Program Files (x86)\Intel\Intel(R) Management Engine Components\DAL;C:\Program Files\Intel\Intel(R) Management Engine Components\IPT;C:\Program Files (x86)\Intel\Intel(R) Management Engine Components\IPT;C:\Program Files\Intel\WiFi\bin\;C:\Program Files\Common Files\Intel\WirelessCommon\;C:\Program Files\Git\cmd;C:\Program Files (x86)\GtkSharp\2.12\bin;C:\wamp\bin\php\php5.6.25;C:\wamp\bin\php;C:\ProgramData\ComposerSetup\bin;C:\Program Files\nodejs\;C:\Program Files\Java\jdk1.8.0_131\bin;C:\Program Files\Intel\WiFi\bin\;C:\Program Files\Common Files\Intel\WirelessCommon\;C:\Users\Laura\AppData\Local\Microsoft\WindowsApps;C:\wamp\bin\php;C:\Users\Laura\AppData\Roaming\Composer\vendor\bin;C:\Users\Laura\AppData\Roaming\npm;;C:\Program Files\Git\usr\bin;C:\Program Files\Git\usr\share\vim\vim74;C:\Users\Laura\Downloads\cmder_mini\
10 verbose lifecycle wmd02_chat@1.0.0~start:dev: CWD: C:\wamp\www\wmd02-chat\WMD02-CHAT
11 silly lifecycle wmd02_chat@1.0.0~start:dev: Args: [ '/d /s /c',
11 silly lifecycle   'node index.js --ip 138.197.113.194 --port 27017 --database database_dev' ]
12 silly lifecycle wmd02_chat@1.0.0~start:dev: Returned: code: 1  signal: null
13 info lifecycle wmd02_chat@1.0.0~start:dev: Failed to exec start:dev script
14 verbose stack Error: wmd02_chat@1.0.0 start:dev: `node index.js --ip 138.197.113.194 --port 27017 --database database_dev`
14 verbose stack Exit status 1
14 verbose stack     at EventEmitter.<anonymous> (C:\Program Files\nodejs\node_modules\npm\lib\utils\lifecycle.js:255:16)
14 verbose stack     at emitTwo (events.js:106:13)
14 verbose stack     at EventEmitter.emit (events.js:191:7)
14 verbose stack     at ChildProcess.<anonymous> (C:\Program Files\nodejs\node_modules\npm\lib\utils\spawn.js:40:14)
14 verbose stack     at emitTwo (events.js:106:13)
14 verbose stack     at ChildProcess.emit (events.js:191:7)
14 verbose stack     at maybeClose (internal/child_process.js:877:16)
14 verbose stack     at Process.ChildProcess._handle.onexit (internal/child_process.js:226:5)
15 verbose pkgid wmd02_chat@1.0.0
16 verbose cwd C:\wamp\www\wmd02-chat\WMD02-CHAT
17 error Windows_NT 10.0.15063
18 error argv "C:\\Program Files\\nodejs\\node.exe" "C:\\Program Files\\nodejs\\node_modules\\npm\\bin\\npm-cli.js" "run" "start:dev"
19 error node v6.9.5
20 error npm  v3.10.10
21 error code ELIFECYCLE
22 error wmd02_chat@1.0.0 start:dev: `node index.js --ip 138.197.113.194 --port 27017 --database database_dev`
22 error Exit status 1
23 error Failed at the wmd02_chat@1.0.0 start:dev script 'node index.js --ip 138.197.113.194 --port 27017 --database database_dev'.
23 error Make sure you have the latest version of node.js and npm installed.
23 error If you do, this is most likely a problem with the wmd02_chat package,
23 error not with npm itself.
23 error Tell the author that this fails on your system:
23 error     node index.js --ip 138.197.113.194 --port 27017 --database database_dev
23 error You can get information on how to open an issue for this project with:
23 error     npm bugs wmd02_chat
23 error Or if that isn't available, you can get their info via:
23 error     npm owner ls wmd02_chat
23 error There is likely additional logging output above.
24 verbose exit [ 1, true ]
